{
  "RSpec": {
    "coverage": {
      "/Users/joannacollier/Documents/Coding/Makers/Course/W1/Boris_Bike/Boris1/spec/spec_helper.rb": {
        "lines": [
          null,
          null,
          null,
          null,
          null,
          null,
          null,
          null,
          null,
          null,
          null,
          null,
          null,
          null,
          null,
          1,
          null,
          null,
          null,
          1,
          null,
          null,
          null,
          null,
          null,
          null,
          null,
          1,
          null,
          null,
          null,
          null,
          1,
          null,
          null,
          null,
          1,
          null,
          null,
          null,
          null,
          null,
          null,
          null,
          1,
          null,
          null,
          null,
          null,
          null,
          null,
          null,
          null,
          null,
          null,
          null,
          null,
          null,
          null,
          null,
          null,
          null,
          null,
          null,
          null,
          null,
          null,
          null,
          null,
          null,
          null,
          null,
          null,
          null,
          null,
          null,
          null,
          null,
          null,
          null,
          null,
          null,
          null,
          null,
          null,
          null,
          null,
          null,
          null,
          null,
          null,
          null,
          null,
          null,
          null,
          null,
          null,
          null,
          null,
          null
        ]
      },
      "/Users/joannacollier/Documents/Coding/Makers/Course/W1/Boris_Bike/Boris1/spec/bike_spec.rb": {
        "lines": [
          1,
          null,
          1,
          1,
          1,
          null,
          null
        ]
      },
      "/Users/joannacollier/Documents/Coding/Makers/Course/W1/Boris_Bike/Boris1/lib/bike.rb": {
        "lines": [
          1,
          1,
          1,
          26,
          null,
          null
        ]
      },
      "/Users/joannacollier/Documents/Coding/Makers/Course/W1/Boris_Bike/Boris1/spec/docking_station_spec.rb": {
        "lines": [
          1,
          null,
          1,
          1,
          1,
          null,
          null,
          null,
          null,
          null,
          null,
          1,
          1,
          21,
          null,
          2,
          1,
          null,
          null,
          1,
          1,
          null,
          null,
          2,
          null,
          1,
          1,
          2,
          null,
          null,
          null,
          null,
          null,
          null,
          null,
          null,
          null,
          null,
          null,
          1,
          1,
          1,
          1,
          1,
          1,
          null,
          null,
          null,
          1,
          1,
          null,
          null,
          1,
          1,
          1,
          1,
          1,
          null,
          null,
          1,
          1,
          1,
          1,
          1,
          1,
          1,
          1,
          null,
          null,
          null,
          null,
          null,
          null
        ]
      },
      "/Users/joannacollier/Documents/Coding/Makers/Course/W1/Boris_Bike/Boris1/lib/docking_station.rb": {
        "lines": [
          1,
          null,
          1,
          null,
          1,
          null,
          1,
          9,
          9,
          null,
          null,
          1,
          null,
          3,
          3,
          3,
          null,
          3,
          1,
          1,
          null,
          null,
          3,
          null,
          null,
          null,
          null,
          1,
          3,
          null,
          null,
          1,
          24,
          null,
          null,
          1,
          null,
          1,
          24,
          null,
          null,
          1,
          3,
          null,
          null
        ]
      }
    },
    "timestamp": 1595158938
  }
}
